<?xml version="1.0" encoding="UTF-8"?>
<!-- Generated by org.testng.reporters.JUnitXMLReporter -->
<testsuite ignored="0" hostname="DESKTOP-EVK9GMC" failures="1" tests="4" name="Test" time="123.175" errors="0" timestamp="2020-09-28T20:38:33 IST">
  <testcase classname="scripts.Addingtowhislist" name="nametowhishlist" time="19.997"/>
  <testcase classname="scripts.DeliveryingProduct" name="productdelivery" time="14.479"/>
  <testcase classname="scripts.Failedtestcase" name="failtc" time="3.689">
    <failure type="java.lang.IllegalArgumentException" message="Keys to send should be a not null CharSequence">
      <![CDATA[java.lang.IllegalArgumentException: Keys to send should be a not null CharSequence
at org.openqa.selenium.remote.RemoteWebElement.sendKeys(RemoteWebElement.java:97)
at org.openqa.selenium.support.pagefactory.internal.LocatingElementHandler.invoke(LocatingElementHandler.java:51)
at com.sun.proxy.$Proxy12.sendKeys(Unknown Source)
at pages.LoginPage.logincreditails(LoginPage.java:32)
at scripts.Failedtestcase.failtc(Failedtestcase.java:15)
at java.base/java.util.ArrayList.forEach(ArrayList.java:1511)
... Removed 31 stack frames]]>
    </failure>
  </testcase> <!-- failtc -->
  <testcase classname="scripts.AddingProductCart" name="addingproductcart" time="23.043"/>
</testsuite> <!-- Test -->
