<?xml version="1.0" encoding="UTF-8"?>
<testng-results ignored="0" total="1" passed="1" failed="0" skipped="0">
  <reporter-output>
  </reporter-output>
  <suite started-at="2020-10-01T17:44:01 IST" name="Default suite" finished-at="2020-10-01T17:44:32 IST" duration-ms="30781">
    <groups>
    </groups>
    <test started-at="2020-10-01T17:44:01 IST" name="Default test" finished-at="2020-10-01T17:44:32 IST" duration-ms="30781">
      <class name="scripts.Signup">
        <test-method is-config="true" signature="beforeclass()[pri:0, instance:scripts.Signup@1356d4d4]" started-at="2020-10-01T17:44:01 IST" name="beforeclass" finished-at="2020-10-01T17:44:01 IST" duration-ms="254" status="PASS">
          <reporter-output>
          </reporter-output>
        </test-method> <!-- beforeclass -->
        <test-method is-config="true" signature="openapp()[pri:0, instance:scripts.Signup@1356d4d4]" started-at="2020-10-01T17:44:01 IST" name="openapp" finished-at="2020-10-01T17:44:28 IST" duration-ms="26459" status="PASS">
          <reporter-output>
          </reporter-output>
        </test-method> <!-- openapp -->
        <test-method signature="signup()[pri:0, instance:scripts.Signup@1356d4d4]" started-at="2020-10-01T17:44:28 IST" name="signup" finished-at="2020-10-01T17:44:32 IST" duration-ms="4279" status="PASS">
          <reporter-output>
          </reporter-output>
        </test-method> <!-- signup -->
        <test-method is-config="true" signature="closeapp(org.testng.ITestResult)[pri:0, instance:scripts.Signup@1356d4d4]" started-at="2020-10-01T17:44:32 IST" name="closeapp" finished-at="2020-10-01T17:44:32 IST" duration-ms="3" status="PASS">
          <params>
            <param index="0">
              <value>
                <![CDATA[[TestResult name=signup status=SUCCESS method=Signup.signup()[pri:0, instance:scripts.Signup@1356d4d4] output={null}]]]>
              </value>
            </param>
          </params>
          <reporter-output>
          </reporter-output>
        </test-method> <!-- closeapp -->
        <test-method is-config="true" signature="afterclass()[pri:0, instance:scripts.Signup@1356d4d4]" started-at="2020-10-01T17:44:32 IST" name="afterclass" finished-at="2020-10-01T17:44:33 IST" duration-ms="933" status="PASS">
          <reporter-output>
          </reporter-output>
        </test-method> <!-- afterclass -->
      </class> <!-- scripts.Signup -->
    </test> <!-- Default test -->
  </suite> <!-- Default suite -->
</testng-results>
