<?xml version="1.0" encoding="UTF-8"?>
<testng-results ignored="0" total="1" passed="1" failed="0" skipped="0">
  <reporter-output>
  </reporter-output>
  <suite started-at="2020-09-28T20:41:06 IST" name="Failed suite [Suite]" finished-at="2020-09-28T20:41:37 IST" duration-ms="30426">
    <groups>
    </groups>
    <test started-at="2020-09-28T20:41:06 IST" name="Test(failed)" finished-at="2020-09-28T20:41:37 IST" duration-ms="30426">
      <class name="scripts.Failedtestcase">
        <test-method is-config="true" signature="openapp()[pri:0, instance:scripts.Failedtestcase@3c947bc5]" started-at="2020-09-28T20:41:06 IST" name="openapp" finished-at="2020-09-28T20:41:23 IST" duration-ms="16530" status="PASS">
          <reporter-output>
          </reporter-output>
        </test-method> <!-- openapp -->
        <test-method signature="failtc()[pri:0, instance:scripts.Failedtestcase@3c947bc5]" started-at="2020-09-28T20:41:23 IST" name="failtc" finished-at="2020-09-28T20:41:36 IST" duration-ms="12904" status="PASS">
          <reporter-output>
          </reporter-output>
        </test-method> <!-- failtc -->
        <test-method is-config="true" signature="closeapp(org.testng.ITestResult)[pri:0, instance:scripts.Failedtestcase@3c947bc5]" started-at="2020-09-28T20:41:36 IST" name="closeapp" finished-at="2020-09-28T20:41:37 IST" duration-ms="886" status="PASS">
          <params>
            <param index="0">
              <value>
                <![CDATA[[TestResult name=failtc status=SUCCESS method=Failedtestcase.failtc()[pri:0, instance:scripts.Failedtestcase@3c947bc5] output={null}]]]>
              </value>
            </param>
          </params>
          <reporter-output>
          </reporter-output>
        </test-method> <!-- closeapp -->
      </class> <!-- scripts.Failedtestcase -->
    </test> <!-- Test(failed) -->
  </suite> <!-- Failed suite [Suite] -->
</testng-results>
